{"/Users/roderickshoolbraid/LHL/REACT/scheduler/src/components/Application.js": {"path":"/Users/roderickshoolbraid/LHL/REACT/scheduler/src/components/Application.js","statementMap":{"0":{"start":{"line":22,"column":6},"end":{"line":22,"column":26}},"1":{"start":{"line":24,"column":23},"end":{"line":24,"column":62}},"2":{"start":{"line":26,"column":23},"end":{"line":39,"column":3}},"3":{"start":{"line":28,"column":6},"end":{"line":37,"column":8}},"4":{"start":{"line":41,"column":2},"end":{"line":64,"column":4}}},"fnMap":{"0":{"name":"Application","decl":{"start":{"line":16,"column":24},"end":{"line":16,"column":35}},"loc":{"start":{"line":16,"column":43},"end":{"line":65,"column":1}},"line":16},"1":{"name":"(anonymous_1)","decl":{"start":{"line":27,"column":4},"end":{"line":27,"column":5}},"loc":{"start":{"line":27,"column":19},"end":{"line":38,"column":5}},"line":27}},"branchMap":{},"s":{"0":0,"1":0,"2":0,"3":0,"4":0},"f":{"0":0,"1":0},"b":{},"_coverageSchema":"43e27e138ebf9cfc5966b082cf9a028302ed4184","hash":"c16c69354bd2e3deca41ee0321254bf841491dbe"}
,"/Users/roderickshoolbraid/LHL/REACT/scheduler/src/components/Button.js": {"path":"/Users/roderickshoolbraid/LHL/REACT/scheduler/src/components/Button.js","statementMap":{"0":{"start":{"line":8,"column":22},"end":{"line":11,"column":4}},"1":{"start":{"line":13,"column":2},"end":{"line":21,"column":4}}},"fnMap":{"0":{"name":"Button","decl":{"start":{"line":7,"column":24},"end":{"line":7,"column":30}},"loc":{"start":{"line":7,"column":38},"end":{"line":22,"column":1}},"line":7}},"branchMap":{},"s":{"0":27,"1":27},"f":{"0":27},"b":{},"_coverageSchema":"43e27e138ebf9cfc5966b082cf9a028302ed4184","hash":"22eec9d36a8ba897d0db1e89efa59a69de607c93"}
,"/Users/roderickshoolbraid/LHL/REACT/scheduler/src/components/DayList.js": {"path":"/Users/roderickshoolbraid/LHL/REACT/scheduler/src/components/DayList.js","statementMap":{"0":{"start":{"line":6,"column":15},"end":{"line":16,"column":4}},"1":{"start":{"line":7,"column":4},"end":{"line":15,"column":6}},"2":{"start":{"line":18,"column":2},"end":{"line":18,"column":25}}},"fnMap":{"0":{"name":"DayList","decl":{"start":{"line":5,"column":24},"end":{"line":5,"column":31}},"loc":{"start":{"line":5,"column":39},"end":{"line":19,"column":1}},"line":5},"1":{"name":"(anonymous_1)","decl":{"start":{"line":6,"column":30},"end":{"line":6,"column":31}},"loc":{"start":{"line":6,"column":37},"end":{"line":16,"column":3}},"line":6}},"branchMap":{},"s":{"0":0,"1":0,"2":0},"f":{"0":0,"1":0},"b":{},"_coverageSchema":"43e27e138ebf9cfc5966b082cf9a028302ed4184","hash":"5db43c6ea4a9dbd560744f3e75f712ca89f1d1b0"}
,"/Users/roderickshoolbraid/LHL/REACT/scheduler/src/components/DayListItem.js": {"path":"/Users/roderickshoolbraid/LHL/REACT/scheduler/src/components/DayListItem.js","statementMap":{"0":{"start":{"line":7,"column":2},"end":{"line":7,"column":48}},"1":{"start":{"line":7,"column":20},"end":{"line":7,"column":48}},"2":{"start":{"line":8,"column":2},"end":{"line":8,"column":46}},"3":{"start":{"line":8,"column":20},"end":{"line":8,"column":46}},"4":{"start":{"line":10,"column":2},"end":{"line":10,"column":37}},"5":{"start":{"line":14,"column":19},"end":{"line":17,"column":4}},"6":{"start":{"line":19,"column":2},"end":{"line":28,"column":4}},"7":{"start":{"line":22,"column":21},"end":{"line":22,"column":45}}},"fnMap":{"0":{"name":"formatSpots","decl":{"start":{"line":6,"column":16},"end":{"line":6,"column":27}},"loc":{"start":{"line":6,"column":36},"end":{"line":11,"column":1}},"line":6},"1":{"name":"DayListItem","decl":{"start":{"line":13,"column":24},"end":{"line":13,"column":35}},"loc":{"start":{"line":13,"column":43},"end":{"line":29,"column":1}},"line":13},"2":{"name":"(anonymous_2)","decl":{"start":{"line":22,"column":15},"end":{"line":22,"column":16}},"loc":{"start":{"line":22,"column":21},"end":{"line":22,"column":45}},"line":22}},"branchMap":{"0":{"loc":{"start":{"line":7,"column":2},"end":{"line":7,"column":48}},"type":"if","locations":[{"start":{"line":7,"column":2},"end":{"line":7,"column":48}},{"start":{"line":7,"column":2},"end":{"line":7,"column":48}}],"line":7},"1":{"loc":{"start":{"line":8,"column":2},"end":{"line":8,"column":46}},"type":"if","locations":[{"start":{"line":8,"column":2},"end":{"line":8,"column":46}},{"start":{"line":8,"column":2},"end":{"line":8,"column":46}}],"line":8}},"s":{"0":0,"1":0,"2":0,"3":0,"4":0,"5":0,"6":0,"7":0},"f":{"0":0,"1":0,"2":0},"b":{"0":[0,0],"1":[0,0]},"_coverageSchema":"43e27e138ebf9cfc5966b082cf9a028302ed4184","hash":"2ca8209d021dd01ef50a5883be8229ce44c4817d"}
,"/Users/roderickshoolbraid/LHL/REACT/scheduler/src/components/InterviewerList.js": {"path":"/Users/roderickshoolbraid/LHL/REACT/scheduler/src/components/InterviewerList.js","statementMap":{"0":{"start":{"line":9,"column":23},"end":{"line":20,"column":4}},"1":{"start":{"line":10,"column":4},"end":{"line":19,"column":6}},"2":{"start":{"line":17,"column":33},"end":{"line":17,"column":63}},"3":{"start":{"line":22,"column":2},"end":{"line":27,"column":4}},"4":{"start":{"line":30,"column":0},"end":{"line":34,"column":2}}},"fnMap":{"0":{"name":"InterviewerList","decl":{"start":{"line":8,"column":9},"end":{"line":8,"column":24}},"loc":{"start":{"line":8,"column":32},"end":{"line":28,"column":1}},"line":8},"1":{"name":"(anonymous_1)","decl":{"start":{"line":9,"column":46},"end":{"line":9,"column":47}},"loc":{"start":{"line":9,"column":61},"end":{"line":20,"column":3}},"line":9},"2":{"name":"(anonymous_2)","decl":{"start":{"line":17,"column":24},"end":{"line":17,"column":25}},"loc":{"start":{"line":17,"column":33},"end":{"line":17,"column":63}},"line":17}},"branchMap":{},"s":{"0":13,"1":13,"2":0,"3":13,"4":2},"f":{"0":13,"1":13,"2":0},"b":{},"_coverageSchema":"43e27e138ebf9cfc5966b082cf9a028302ed4184","hash":"7a386211619f8b2e16c52f5f1c2153b08e18ff03"}
,"/Users/roderickshoolbraid/LHL/REACT/scheduler/src/components/InterviewerListItem.js": {"path":"/Users/roderickshoolbraid/LHL/REACT/scheduler/src/components/InterviewerListItem.js","statementMap":{"0":{"start":{"line":7,"column":20},"end":{"line":9,"column":4}},"1":{"start":{"line":11,"column":2},"end":{"line":20,"column":4}}},"fnMap":{"0":{"name":"InterviewerItem","decl":{"start":{"line":6,"column":24},"end":{"line":6,"column":39}},"loc":{"start":{"line":6,"column":47},"end":{"line":21,"column":1}},"line":6}},"branchMap":{"0":{"loc":{"start":{"line":18,"column":7},"end":{"line":18,"column":35}},"type":"binary-expr","locations":[{"start":{"line":18,"column":7},"end":{"line":18,"column":21}},{"start":{"line":18,"column":25},"end":{"line":18,"column":35}}],"line":18}},"s":{"0":13,"1":13},"f":{"0":13},"b":{"0":[13,6]},"_coverageSchema":"43e27e138ebf9cfc5966b082cf9a028302ed4184","hash":"ea4544b628e75d50001686c21b2babc9119c7eb8"}
,"/Users/roderickshoolbraid/LHL/REACT/scheduler/src/components/Appointment/Confirm.js": {"path":"/Users/roderickshoolbraid/LHL/REACT/scheduler/src/components/Appointment/Confirm.js","statementMap":{"0":{"start":{"line":6,"column":2},"end":{"line":18,"column":4}}},"fnMap":{"0":{"name":"Confirm","decl":{"start":{"line":5,"column":24},"end":{"line":5,"column":31}},"loc":{"start":{"line":5,"column":39},"end":{"line":19,"column":1}},"line":5}},"branchMap":{},"s":{"0":0},"f":{"0":0},"b":{},"_coverageSchema":"43e27e138ebf9cfc5966b082cf9a028302ed4184","hash":"a815b7b62759ae42e3e411af5b7dbbd868656bf7"}
,"/Users/roderickshoolbraid/LHL/REACT/scheduler/src/components/Appointment/Empty.js": {"path":"/Users/roderickshoolbraid/LHL/REACT/scheduler/src/components/Appointment/Empty.js","statementMap":{"0":{"start":{"line":4,"column":2},"end":{"line":13,"column":4}}},"fnMap":{"0":{"name":"Empty","decl":{"start":{"line":3,"column":24},"end":{"line":3,"column":29}},"loc":{"start":{"line":3,"column":37},"end":{"line":14,"column":1}},"line":3}},"branchMap":{},"s":{"0":0},"f":{"0":0},"b":{},"_coverageSchema":"43e27e138ebf9cfc5966b082cf9a028302ed4184","hash":"1b8fc8c19f92239b7927bcbf9d788aadf3fad9a9"}
,"/Users/roderickshoolbraid/LHL/REACT/scheduler/src/components/Appointment/Error.js": {"path":"/Users/roderickshoolbraid/LHL/REACT/scheduler/src/components/Appointment/Error.js","statementMap":{"0":{"start":{"line":4,"column":2},"end":{"line":17,"column":4}}},"fnMap":{"0":{"name":"Error","decl":{"start":{"line":3,"column":24},"end":{"line":3,"column":29}},"loc":{"start":{"line":3,"column":37},"end":{"line":18,"column":1}},"line":3}},"branchMap":{},"s":{"0":0},"f":{"0":0},"b":{},"_coverageSchema":"43e27e138ebf9cfc5966b082cf9a028302ed4184","hash":"3c1f8f9a2ceb63e10603c403db681e52dafff371"}
,"/Users/roderickshoolbraid/LHL/REACT/scheduler/src/components/Appointment/Form.js": {"path":"/Users/roderickshoolbraid/LHL/REACT/scheduler/src/components/Appointment/Form.js","statementMap":{"0":{"start":{"line":6,"column":26},"end":{"line":6,"column":52}},"1":{"start":{"line":7,"column":40},"end":{"line":7,"column":75}},"2":{"start":{"line":8,"column":28},"end":{"line":8,"column":40}},"3":{"start":{"line":11,"column":4},"end":{"line":14,"column":5}},"4":{"start":{"line":12,"column":6},"end":{"line":12,"column":47}},"5":{"start":{"line":13,"column":6},"end":{"line":13,"column":13}},"6":{"start":{"line":15,"column":4},"end":{"line":18,"column":5}},"7":{"start":{"line":16,"column":6},"end":{"line":16,"column":47}},"8":{"start":{"line":17,"column":6},"end":{"line":17,"column":13}},"9":{"start":{"line":19,"column":4},"end":{"line":19,"column":17}},"10":{"start":{"line":20,"column":4},"end":{"line":20,"column":36}},"11":{"start":{"line":24,"column":4},"end":{"line":24,"column":16}},"12":{"start":{"line":25,"column":4},"end":{"line":25,"column":25}},"13":{"start":{"line":28,"column":2},"end":{"line":60,"column":4}},"14":{"start":{"line":31,"column":52},"end":{"line":31,"column":74}},"15":{"start":{"line":38,"column":33},"end":{"line":38,"column":60}},"16":{"start":{"line":51,"column":42},"end":{"line":51,"column":50}},"17":{"start":{"line":51,"column":51},"end":{"line":51,"column":68}}},"fnMap":{"0":{"name":"Form","decl":{"start":{"line":5,"column":24},"end":{"line":5,"column":28}},"loc":{"start":{"line":5,"column":36},"end":{"line":61,"column":1}},"line":5},"1":{"name":"validate","decl":{"start":{"line":10,"column":11},"end":{"line":10,"column":19}},"loc":{"start":{"line":10,"column":22},"end":{"line":21,"column":3}},"line":10},"2":{"name":"reset","decl":{"start":{"line":23,"column":11},"end":{"line":23,"column":16}},"loc":{"start":{"line":23,"column":19},"end":{"line":26,"column":3}},"line":23},"3":{"name":"(anonymous_3)","decl":{"start":{"line":31,"column":43},"end":{"line":31,"column":44}},"loc":{"start":{"line":31,"column":52},"end":{"line":31,"column":74}},"line":31},"4":{"name":"(anonymous_4)","decl":{"start":{"line":38,"column":22},"end":{"line":38,"column":23}},"loc":{"start":{"line":38,"column":33},"end":{"line":38,"column":60}},"line":38},"5":{"name":"(anonymous_5)","decl":{"start":{"line":51,"column":34},"end":{"line":51,"column":35}},"loc":{"start":{"line":51,"column":40},"end":{"line":51,"column":70}},"line":51}},"branchMap":{"0":{"loc":{"start":{"line":6,"column":35},"end":{"line":6,"column":51}},"type":"binary-expr","locations":[{"start":{"line":6,"column":35},"end":{"line":6,"column":45}},{"start":{"line":6,"column":49},"end":{"line":6,"column":51}}],"line":6},"1":{"loc":{"start":{"line":7,"column":49},"end":{"line":7,"column":74}},"type":"binary-expr","locations":[{"start":{"line":7,"column":49},"end":{"line":7,"column":66}},{"start":{"line":7,"column":70},"end":{"line":7,"column":74}}],"line":7},"2":{"loc":{"start":{"line":11,"column":4},"end":{"line":14,"column":5}},"type":"if","locations":[{"start":{"line":11,"column":4},"end":{"line":14,"column":5}},{"start":{"line":11,"column":4},"end":{"line":14,"column":5}}],"line":11},"3":{"loc":{"start":{"line":15,"column":4},"end":{"line":18,"column":5}},"type":"if","locations":[{"start":{"line":15,"column":4},"end":{"line":18,"column":5}},{"start":{"line":15,"column":4},"end":{"line":18,"column":5}}],"line":15}},"s":{"0":14,"1":14,"2":14,"3":5,"4":2,"5":2,"6":3,"7":1,"8":1,"9":2,"10":2,"11":1,"12":1,"13":14,"14":0,"15":2,"16":1,"17":1},"f":{"0":14,"1":5,"2":1,"3":0,"4":2,"5":1},"b":{"0":[14,10],"1":[14,7],"2":[2,3],"3":[1,2]},"_coverageSchema":"43e27e138ebf9cfc5966b082cf9a028302ed4184","hash":"8058d87cc696a961d85f7ad14696217f576beed9"}
,"/Users/roderickshoolbraid/LHL/REACT/scheduler/src/components/Appointment/Header.js": {"path":"/Users/roderickshoolbraid/LHL/REACT/scheduler/src/components/Appointment/Header.js","statementMap":{"0":{"start":{"line":4,"column":2},"end":{"line":9,"column":4}}},"fnMap":{"0":{"name":"Header","decl":{"start":{"line":3,"column":24},"end":{"line":3,"column":30}},"loc":{"start":{"line":3,"column":38},"end":{"line":10,"column":1}},"line":3}},"branchMap":{},"s":{"0":0},"f":{"0":0},"b":{},"_coverageSchema":"43e27e138ebf9cfc5966b082cf9a028302ed4184","hash":"0255e137d69e74572b55c15a4a4254744ebe4778"}
,"/Users/roderickshoolbraid/LHL/REACT/scheduler/src/components/Appointment/Show.js": {"path":"/Users/roderickshoolbraid/LHL/REACT/scheduler/src/components/Appointment/Show.js","statementMap":{"0":{"start":{"line":4,"column":2},"end":{"line":32,"column":4}}},"fnMap":{"0":{"name":"Show","decl":{"start":{"line":3,"column":24},"end":{"line":3,"column":28}},"loc":{"start":{"line":3,"column":36},"end":{"line":33,"column":1}},"line":3}},"branchMap":{"0":{"loc":{"start":{"line":11,"column":13},"end":{"line":11,"column":56}},"type":"binary-expr","locations":[{"start":{"line":11,"column":13},"end":{"line":11,"column":30}},{"start":{"line":11,"column":34},"end":{"line":11,"column":56}}],"line":11}},"s":{"0":0},"f":{"0":0},"b":{"0":[0,0]},"_coverageSchema":"43e27e138ebf9cfc5966b082cf9a028302ed4184","hash":"b72dd8f70c513d3e21953a52f3f8e269e04542bd"}
,"/Users/roderickshoolbraid/LHL/REACT/scheduler/src/components/Appointment/Status.js": {"path":"/Users/roderickshoolbraid/LHL/REACT/scheduler/src/components/Appointment/Status.js","statementMap":{"0":{"start":{"line":4,"column":2},"end":{"line":13,"column":4}}},"fnMap":{"0":{"name":"Status","decl":{"start":{"line":3,"column":24},"end":{"line":3,"column":30}},"loc":{"start":{"line":3,"column":38},"end":{"line":14,"column":1}},"line":3}},"branchMap":{},"s":{"0":0},"f":{"0":0},"b":{},"_coverageSchema":"43e27e138ebf9cfc5966b082cf9a028302ed4184","hash":"b0d87dad5be37ed02a2e493dee6a28bcbc873a9b"}
,"/Users/roderickshoolbraid/LHL/REACT/scheduler/src/components/Appointment/index.js": {"path":"/Users/roderickshoolbraid/LHL/REACT/scheduler/src/components/Appointment/index.js","statementMap":{"0":{"start":{"line":14,"column":14},"end":{"line":14,"column":21}},"1":{"start":{"line":15,"column":13},"end":{"line":15,"column":19}},"2":{"start":{"line":16,"column":15},"end":{"line":16,"column":23}},"3":{"start":{"line":17,"column":15},"end":{"line":17,"column":23}},"4":{"start":{"line":18,"column":17},"end":{"line":18,"column":27}},"5":{"start":{"line":19,"column":16},"end":{"line":19,"column":25}},"6":{"start":{"line":20,"column":13},"end":{"line":20,"column":19}},"7":{"start":{"line":21,"column":19},"end":{"line":21,"column":31}},"8":{"start":{"line":22,"column":21},"end":{"line":22,"column":35}},"9":{"start":{"line":25,"column":37},"end":{"line":27,"column":3}},"10":{"start":{"line":30,"column":22},"end":{"line":33,"column":5}},"11":{"start":{"line":35,"column":4},"end":{"line":35,"column":23}},"12":{"start":{"line":37,"column":4},"end":{"line":40,"column":52}},"13":{"start":{"line":39,"column":18},"end":{"line":39,"column":34}},"14":{"start":{"line":40,"column":22},"end":{"line":40,"column":50}},"15":{"start":{"line":44,"column":4},"end":{"line":44,"column":31}},"16":{"start":{"line":46,"column":4},"end":{"line":49,"column":54}},"17":{"start":{"line":48,"column":18},"end":{"line":48,"column":35}},"18":{"start":{"line":49,"column":22},"end":{"line":49,"column":52}},"19":{"start":{"line":52,"column":2},"end":{"line":96,"column":4}},"20":{"start":{"line":55,"column":45},"end":{"line":55,"column":63}},"21":{"start":{"line":60,"column":26},"end":{"line":60,"column":45}},"22":{"start":{"line":61,"column":24},"end":{"line":61,"column":40}}},"fnMap":{"0":{"name":"Appointment","decl":{"start":{"line":24,"column":24},"end":{"line":24,"column":35}},"loc":{"start":{"line":24,"column":43},"end":{"line":97,"column":1}},"line":24},"1":{"name":"save","decl":{"start":{"line":29,"column":11},"end":{"line":29,"column":15}},"loc":{"start":{"line":29,"column":35},"end":{"line":41,"column":3}},"line":29},"2":{"name":"(anonymous_2)","decl":{"start":{"line":39,"column":12},"end":{"line":39,"column":13}},"loc":{"start":{"line":39,"column":18},"end":{"line":39,"column":34}},"line":39},"3":{"name":"(anonymous_3)","decl":{"start":{"line":40,"column":13},"end":{"line":40,"column":14}},"loc":{"start":{"line":40,"column":22},"end":{"line":40,"column":50}},"line":40},"4":{"name":"destroy","decl":{"start":{"line":43,"column":11},"end":{"line":43,"column":18}},"loc":{"start":{"line":43,"column":21},"end":{"line":50,"column":3}},"line":43},"5":{"name":"(anonymous_5)","decl":{"start":{"line":48,"column":12},"end":{"line":48,"column":13}},"loc":{"start":{"line":48,"column":18},"end":{"line":48,"column":35}},"line":48},"6":{"name":"(anonymous_6)","decl":{"start":{"line":49,"column":13},"end":{"line":49,"column":14}},"loc":{"start":{"line":49,"column":22},"end":{"line":49,"column":52}},"line":49},"7":{"name":"(anonymous_7)","decl":{"start":{"line":55,"column":39},"end":{"line":55,"column":40}},"loc":{"start":{"line":55,"column":45},"end":{"line":55,"column":63}},"line":55},"8":{"name":"(anonymous_8)","decl":{"start":{"line":60,"column":20},"end":{"line":60,"column":21}},"loc":{"start":{"line":60,"column":26},"end":{"line":60,"column":45}},"line":60},"9":{"name":"(anonymous_9)","decl":{"start":{"line":61,"column":18},"end":{"line":61,"column":19}},"loc":{"start":{"line":61,"column":24},"end":{"line":61,"column":40}},"line":61}},"branchMap":{"0":{"loc":{"start":{"line":26,"column":4},"end":{"line":26,"column":34}},"type":"cond-expr","locations":[{"start":{"line":26,"column":22},"end":{"line":26,"column":26}},{"start":{"line":26,"column":29},"end":{"line":26,"column":34}}],"line":26},"1":{"loc":{"start":{"line":55,"column":7},"end":{"line":55,"column":67}},"type":"binary-expr","locations":[{"start":{"line":55,"column":7},"end":{"line":55,"column":21}},{"start":{"line":55,"column":25},"end":{"line":55,"column":67}}],"line":55},"2":{"loc":{"start":{"line":56,"column":7},"end":{"line":63,"column":7}},"type":"binary-expr","locations":[{"start":{"line":56,"column":7},"end":{"line":56,"column":20}},{"start":{"line":57,"column":8},"end":{"line":62,"column":10}}],"line":56},"3":{"loc":{"start":{"line":64,"column":7},"end":{"line":70,"column":7}},"type":"binary-expr","locations":[{"start":{"line":64,"column":7},"end":{"line":64,"column":22}},{"start":{"line":65,"column":8},"end":{"line":69,"column":10}}],"line":64},"4":{"loc":{"start":{"line":71,"column":7},"end":{"line":71,"column":53}},"type":"binary-expr","locations":[{"start":{"line":71,"column":7},"end":{"line":71,"column":22}},{"start":{"line":71,"column":26},"end":{"line":71,"column":53}}],"line":71},"5":{"loc":{"start":{"line":72,"column":7},"end":{"line":72,"column":57}},"type":"binary-expr","locations":[{"start":{"line":72,"column":7},"end":{"line":72,"column":24}},{"start":{"line":72,"column":28},"end":{"line":72,"column":57}}],"line":72},"6":{"loc":{"start":{"line":73,"column":7},"end":{"line":79,"column":7}},"type":"binary-expr","locations":[{"start":{"line":73,"column":7},"end":{"line":73,"column":23}},{"start":{"line":74,"column":8},"end":{"line":78,"column":10}}],"line":73},"7":{"loc":{"start":{"line":80,"column":7},"end":{"line":88,"column":7}},"type":"binary-expr","locations":[{"start":{"line":80,"column":7},"end":{"line":80,"column":20}},{"start":{"line":81,"column":8},"end":{"line":87,"column":10}}],"line":80},"8":{"loc":{"start":{"line":89,"column":7},"end":{"line":91,"column":7}},"type":"binary-expr","locations":[{"start":{"line":89,"column":7},"end":{"line":89,"column":26}},{"start":{"line":90,"column":8},"end":{"line":90,"column":74}}],"line":89},"9":{"loc":{"start":{"line":92,"column":7},"end":{"line":94,"column":7}},"type":"binary-expr","locations":[{"start":{"line":92,"column":7},"end":{"line":92,"column":28}},{"start":{"line":93,"column":8},"end":{"line":93,"column":76}}],"line":92}},"s":{"0":1,"1":1,"2":1,"3":1,"4":1,"5":1,"6":1,"7":1,"8":1,"9":0,"10":0,"11":0,"12":0,"13":0,"14":0,"15":0,"16":0,"17":0,"18":0,"19":0,"20":0,"21":0,"22":0},"f":{"0":0,"1":0,"2":0,"3":0,"4":0,"5":0,"6":0,"7":0,"8":0,"9":0},"b":{"0":[0,0],"1":[0,0],"2":[0,0],"3":[0,0],"4":[0,0],"5":[0,0],"6":[0,0],"7":[0,0],"8":[0,0],"9":[0,0]},"_coverageSchema":"43e27e138ebf9cfc5966b082cf9a028302ed4184","hash":"7127e9ec965d8035ce8a4576394108fa6017beb9"}
,"/Users/roderickshoolbraid/LHL/REACT/scheduler/src/helpers/selectors.js": {"path":"/Users/roderickshoolbraid/LHL/REACT/scheduler/src/helpers/selectors.js","statementMap":{"0":{"start":{"line":2,"column":16},"end":{"line":2,"column":52}},"1":{"start":{"line":2,"column":37},"end":{"line":2,"column":51}},"2":{"start":{"line":4,"column":2},"end":{"line":4,"column":64}},"3":{"start":{"line":4,"column":54},"end":{"line":4,"column":64}},"4":{"start":{"line":6,"column":2},"end":{"line":6,"column":62}},"5":{"start":{"line":6,"column":38},"end":{"line":6,"column":60}},"6":{"start":{"line":10,"column":16},"end":{"line":10,"column":52}},"7":{"start":{"line":10,"column":37},"end":{"line":10,"column":51}},"8":{"start":{"line":12,"column":2},"end":{"line":12,"column":64}},"9":{"start":{"line":12,"column":54},"end":{"line":12,"column":64}},"10":{"start":{"line":14,"column":2},"end":{"line":14,"column":62}},"11":{"start":{"line":14,"column":38},"end":{"line":14,"column":60}},"12":{"start":{"line":18,"column":2},"end":{"line":23,"column":4}}},"fnMap":{"0":{"name":"getAppointmentsForDay","decl":{"start":{"line":1,"column":16},"end":{"line":1,"column":37}},"loc":{"start":{"line":1,"column":50},"end":{"line":7,"column":1}},"line":1},"1":{"name":"(anonymous_1)","decl":{"start":{"line":2,"column":32},"end":{"line":2,"column":33}},"loc":{"start":{"line":2,"column":37},"end":{"line":2,"column":51}},"line":2},"2":{"name":"(anonymous_2)","decl":{"start":{"line":6,"column":32},"end":{"line":6,"column":33}},"loc":{"start":{"line":6,"column":38},"end":{"line":6,"column":60}},"line":6},"3":{"name":"getInterviewersForDay","decl":{"start":{"line":9,"column":16},"end":{"line":9,"column":37}},"loc":{"start":{"line":9,"column":50},"end":{"line":15,"column":1}},"line":9},"4":{"name":"(anonymous_4)","decl":{"start":{"line":10,"column":32},"end":{"line":10,"column":33}},"loc":{"start":{"line":10,"column":37},"end":{"line":10,"column":51}},"line":10},"5":{"name":"(anonymous_5)","decl":{"start":{"line":14,"column":32},"end":{"line":14,"column":33}},"loc":{"start":{"line":14,"column":38},"end":{"line":14,"column":60}},"line":14},"6":{"name":"getInterview","decl":{"start":{"line":17,"column":16},"end":{"line":17,"column":28}},"loc":{"start":{"line":17,"column":47},"end":{"line":24,"column":1}},"line":17}},"branchMap":{"0":{"loc":{"start":{"line":4,"column":2},"end":{"line":4,"column":64}},"type":"if","locations":[{"start":{"line":4,"column":2},"end":{"line":4,"column":64}},{"start":{"line":4,"column":2},"end":{"line":4,"column":64}}],"line":4},"1":{"loc":{"start":{"line":4,"column":6},"end":{"line":4,"column":52}},"type":"binary-expr","locations":[{"start":{"line":4,"column":6},"end":{"line":4,"column":29}},{"start":{"line":4,"column":33},"end":{"line":4,"column":52}}],"line":4},"2":{"loc":{"start":{"line":12,"column":2},"end":{"line":12,"column":64}},"type":"if","locations":[{"start":{"line":12,"column":2},"end":{"line":12,"column":64}},{"start":{"line":12,"column":2},"end":{"line":12,"column":64}}],"line":12},"3":{"loc":{"start":{"line":12,"column":6},"end":{"line":12,"column":52}},"type":"binary-expr","locations":[{"start":{"line":12,"column":6},"end":{"line":12,"column":29}},{"start":{"line":12,"column":33},"end":{"line":12,"column":52}}],"line":12},"4":{"loc":{"start":{"line":19,"column":4},"end":{"line":22,"column":5}},"type":"binary-expr","locations":[{"start":{"line":19,"column":4},"end":{"line":19,"column":13}},{"start":{"line":19,"column":17},"end":{"line":22,"column":5}}],"line":19}},"s":{"0":5,"1":6,"2":5,"3":2,"4":3,"5":8,"6":5,"7":6,"8":5,"9":2,"10":3,"11":6,"12":2},"f":{"0":5,"1":6,"2":8,"3":5,"4":6,"5":6,"6":2},"b":{"0":[2,3],"1":[5,4],"2":[2,3],"3":[5,4],"4":[2,1]},"_coverageSchema":"43e27e138ebf9cfc5966b082cf9a028302ed4184","hash":"109395cb519d55aa77e9845999ad5b5c7fd2f775"}
,"/Users/roderickshoolbraid/LHL/REACT/scheduler/src/hooks/useApplicationData.js": {"path":"/Users/roderickshoolbraid/LHL/REACT/scheduler/src/hooks/useApplicationData.js","statementMap":{"0":{"start":{"line":14,"column":28},"end":{"line":19,"column":4}},"1":{"start":{"line":21,"column":17},"end":{"line":21,"column":56}},"2":{"start":{"line":21,"column":24},"end":{"line":21,"column":56}},"3":{"start":{"line":23,"column":2},"end":{"line":37,"column":9}},"4":{"start":{"line":24,"column":4},"end":{"line":36,"column":6}},"5":{"start":{"line":30,"column":8},"end":{"line":35,"column":10}},"6":{"start":{"line":39,"column":2},"end":{"line":39,"column":30}},"7":{"start":{"line":42,"column":4},"end":{"line":48,"column":7}},"8":{"start":{"line":43,"column":6},"end":{"line":47,"column":9}},"9":{"start":{"line":52,"column":4},"end":{"line":58,"column":7}},"10":{"start":{"line":53,"column":6},"end":{"line":57,"column":9}},"11":{"start":{"line":61,"column":2},"end":{"line":66,"column":4}}},"fnMap":{"0":{"name":"useApplicationData","decl":{"start":{"line":13,"column":24},"end":{"line":13,"column":42}},"loc":{"start":{"line":13,"column":45},"end":{"line":67,"column":1}},"line":13},"1":{"name":"(anonymous_1)","decl":{"start":{"line":21,"column":17},"end":{"line":21,"column":18}},"loc":{"start":{"line":21,"column":24},"end":{"line":21,"column":56}},"line":21},"2":{"name":"(anonymous_2)","decl":{"start":{"line":23,"column":12},"end":{"line":23,"column":13}},"loc":{"start":{"line":23,"column":18},"end":{"line":37,"column":3}},"line":23},"3":{"name":"(anonymous_3)","decl":{"start":{"line":29,"column":6},"end":{"line":29,"column":7}},"loc":{"start":{"line":30,"column":8},"end":{"line":35,"column":10}},"line":30},"4":{"name":"bookInterview","decl":{"start":{"line":41,"column":11},"end":{"line":41,"column":24}},"loc":{"start":{"line":41,"column":40},"end":{"line":49,"column":3}},"line":41},"5":{"name":"(anonymous_5)","decl":{"start":{"line":42,"column":68},"end":{"line":42,"column":69}},"loc":{"start":{"line":42,"column":74},"end":{"line":48,"column":5}},"line":42},"6":{"name":"cancelInterview","decl":{"start":{"line":51,"column":11},"end":{"line":51,"column":26}},"loc":{"start":{"line":51,"column":31},"end":{"line":59,"column":3}},"line":51},"7":{"name":"(anonymous_7)","decl":{"start":{"line":52,"column":56},"end":{"line":52,"column":57}},"loc":{"start":{"line":52,"column":62},"end":{"line":58,"column":5}},"line":52}},"branchMap":{},"s":{"0":0,"1":0,"2":0,"3":0,"4":0,"5":0,"6":0,"7":0,"8":0,"9":0,"10":0,"11":0},"f":{"0":0,"1":0,"2":0,"3":0,"4":0,"5":0,"6":0,"7":0},"b":{},"_coverageSchema":"43e27e138ebf9cfc5966b082cf9a028302ed4184","hash":"c45de96baf2b353c0713a872e805cbae7ad1609a"}
,"/Users/roderickshoolbraid/LHL/REACT/scheduler/src/hooks/useRealtimeUpdate.js": {"path":"/Users/roderickshoolbraid/LHL/REACT/scheduler/src/hooks/useRealtimeUpdate.js","statementMap":{"0":{"start":{"line":5,"column":2},"end":{"line":19,"column":17}},"1":{"start":{"line":6,"column":19},"end":{"line":6,"column":69}},"2":{"start":{"line":8,"column":4},"end":{"line":14,"column":6}},"3":{"start":{"line":9,"column":19},"end":{"line":9,"column":41}},"4":{"start":{"line":11,"column":6},"end":{"line":13,"column":7}},"5":{"start":{"line":12,"column":8},"end":{"line":12,"column":23}},"6":{"start":{"line":16,"column":4},"end":{"line":18,"column":6}},"7":{"start":{"line":17,"column":6},"end":{"line":17,"column":21}}},"fnMap":{"0":{"name":"useRealtimeUpdate","decl":{"start":{"line":4,"column":24},"end":{"line":4,"column":41}},"loc":{"start":{"line":4,"column":52},"end":{"line":20,"column":1}},"line":4},"1":{"name":"(anonymous_1)","decl":{"start":{"line":5,"column":12},"end":{"line":5,"column":13}},"loc":{"start":{"line":5,"column":18},"end":{"line":19,"column":3}},"line":5},"2":{"name":"(anonymous_2)","decl":{"start":{"line":8,"column":23},"end":{"line":8,"column":24}},"loc":{"start":{"line":8,"column":32},"end":{"line":14,"column":5}},"line":8},"3":{"name":"(anonymous_3)","decl":{"start":{"line":16,"column":11},"end":{"line":16,"column":12}},"loc":{"start":{"line":16,"column":17},"end":{"line":18,"column":5}},"line":16}},"branchMap":{"0":{"loc":{"start":{"line":11,"column":6},"end":{"line":13,"column":7}},"type":"if","locations":[{"start":{"line":11,"column":6},"end":{"line":13,"column":7}},{"start":{"line":11,"column":6},"end":{"line":13,"column":7}}],"line":11},"1":{"loc":{"start":{"line":11,"column":10},"end":{"line":11,"column":65}},"type":"binary-expr","locations":[{"start":{"line":11,"column":10},"end":{"line":11,"column":34}},{"start":{"line":11,"column":38},"end":{"line":11,"column":65}}],"line":11}},"s":{"0":0,"1":0,"2":0,"3":0,"4":0,"5":0,"6":0,"7":0},"f":{"0":0,"1":0,"2":0,"3":0},"b":{"0":[0,0],"1":[0,0]},"_coverageSchema":"43e27e138ebf9cfc5966b082cf9a028302ed4184","hash":"1dc8ffe7240fea35e90c535fb4fedd124bc63eb2"}
,"/Users/roderickshoolbraid/LHL/REACT/scheduler/src/hooks/useVisualMode.js": {"path":"/Users/roderickshoolbraid/LHL/REACT/scheduler/src/hooks/useVisualMode.js","statementMap":{"0":{"start":{"line":3,"column":22},"end":{"line":29,"column":1}},"1":{"start":{"line":4,"column":32},"end":{"line":4,"column":55}},"2":{"start":{"line":6,"column":21},"end":{"line":17,"column":3}},"3":{"start":{"line":8,"column":4},"end":{"line":16,"column":5}},"4":{"start":{"line":9,"column":6},"end":{"line":12,"column":9}},"5":{"start":{"line":9,"column":34},"end":{"line":12,"column":7}},"6":{"start":{"line":15,"column":6},"end":{"line":15,"column":61}},"7":{"start":{"line":15,"column":34},"end":{"line":15,"column":59}},"8":{"start":{"line":19,"column":15},"end":{"line":23,"column":3}},"9":{"start":{"line":20,"column":4},"end":{"line":22,"column":5}},"10":{"start":{"line":21,"column":6},"end":{"line":21,"column":80}},"11":{"start":{"line":21,"column":34},"end":{"line":21,"column":78}},"12":{"start":{"line":26,"column":15},"end":{"line":26,"column":42}},"13":{"start":{"line":28,"column":2},"end":{"line":28,"column":36}}},"fnMap":{"0":{"name":"(anonymous_0)","decl":{"start":{"line":3,"column":22},"end":{"line":3,"column":23}},"loc":{"start":{"line":3,"column":39},"end":{"line":29,"column":1}},"line":3},"1":{"name":"(anonymous_1)","decl":{"start":{"line":6,"column":21},"end":{"line":6,"column":22}},"loc":{"start":{"line":6,"column":51},"end":{"line":17,"column":3}},"line":6},"2":{"name":"(anonymous_2)","decl":{"start":{"line":9,"column":17},"end":{"line":9,"column":18}},"loc":{"start":{"line":9,"column":34},"end":{"line":12,"column":7}},"line":9},"3":{"name":"(anonymous_3)","decl":{"start":{"line":15,"column":17},"end":{"line":15,"column":18}},"loc":{"start":{"line":15,"column":34},"end":{"line":15,"column":59}},"line":15},"4":{"name":"(anonymous_4)","decl":{"start":{"line":19,"column":15},"end":{"line":19,"column":16}},"loc":{"start":{"line":19,"column":21},"end":{"line":23,"column":3}},"line":19},"5":{"name":"(anonymous_5)","decl":{"start":{"line":21,"column":17},"end":{"line":21,"column":18}},"loc":{"start":{"line":21,"column":34},"end":{"line":21,"column":78}},"line":21}},"branchMap":{"0":{"loc":{"start":{"line":6,"column":31},"end":{"line":6,"column":46}},"type":"default-arg","locations":[{"start":{"line":6,"column":41},"end":{"line":6,"column":46}}],"line":6},"1":{"loc":{"start":{"line":8,"column":4},"end":{"line":16,"column":5}},"type":"if","locations":[{"start":{"line":8,"column":4},"end":{"line":16,"column":5}},{"start":{"line":8,"column":4},"end":{"line":16,"column":5}}],"line":8},"2":{"loc":{"start":{"line":20,"column":4},"end":{"line":22,"column":5}},"type":"if","locations":[{"start":{"line":20,"column":4},"end":{"line":22,"column":5}},{"start":{"line":20,"column":4},"end":{"line":22,"column":5}}],"line":20}},"s":{"0":2,"1":3,"2":3,"3":1,"4":0,"5":0,"6":1,"7":1,"8":3,"9":0,"10":0,"11":0,"12":3,"13":3},"f":{"0":3,"1":1,"2":0,"3":1,"4":0,"5":0},"b":{"0":[1],"1":[0,1],"2":[0,0]},"_coverageSchema":"43e27e138ebf9cfc5966b082cf9a028302ed4184","hash":"fa46738310381b59c954a9a84a6f35c3402adeb6"}
,"/Users/roderickshoolbraid/LHL/REACT/scheduler/src/reducers/application.js": {"path":"/Users/roderickshoolbraid/LHL/REACT/scheduler/src/reducers/application.js","statementMap":{"0":{"start":{"line":1,"column":23},"end":{"line":1,"column":32}},"1":{"start":{"line":2,"column":36},"end":{"line":2,"column":58}},"2":{"start":{"line":3,"column":29},"end":{"line":3,"column":44}},"3":{"start":{"line":6,"column":2},"end":{"line":53,"column":3}},"4":{"start":{"line":8,"column":6},"end":{"line":8,"column":43}},"5":{"start":{"line":10,"column":6},"end":{"line":15,"column":8}},"6":{"start":{"line":17,"column":26},"end":{"line":20,"column":7}},"7":{"start":{"line":22,"column":27},"end":{"line":25,"column":7}},"8":{"start":{"line":27,"column":29},"end":{"line":32,"column":9}},"9":{"start":{"line":28,"column":8},"end":{"line":32,"column":9}},"10":{"start":{"line":30,"column":26},"end":{"line":30,"column":72}},"11":{"start":{"line":34,"column":19},"end":{"line":41,"column":8}},"12":{"start":{"line":35,"column":8},"end":{"line":40,"column":16}},"13":{"start":{"line":43,"column":6},"end":{"line":47,"column":8}},"14":{"start":{"line":50,"column":6},"end":{"line":52,"column":8}}},"fnMap":{"0":{"name":"reducer","decl":{"start":{"line":5,"column":24},"end":{"line":5,"column":31}},"loc":{"start":{"line":5,"column":47},"end":{"line":54,"column":1}},"line":5},"1":{"name":"(anonymous_1)","decl":{"start":{"line":27,"column":29},"end":{"line":27,"column":30}},"loc":{"start":{"line":28,"column":8},"end":{"line":32,"column":9}},"line":28},"2":{"name":"(anonymous_2)","decl":{"start":{"line":30,"column":10},"end":{"line":30,"column":11}},"loc":{"start":{"line":30,"column":26},"end":{"line":30,"column":72}},"line":30},"3":{"name":"(anonymous_3)","decl":{"start":{"line":34,"column":34},"end":{"line":34,"column":35}},"loc":{"start":{"line":34,"column":41},"end":{"line":41,"column":7}},"line":34}},"branchMap":{"0":{"loc":{"start":{"line":6,"column":2},"end":{"line":53,"column":3}},"type":"switch","locations":[{"start":{"line":7,"column":4},"end":{"line":8,"column":43}},{"start":{"line":9,"column":4},"end":{"line":15,"column":8}},{"start":{"line":16,"column":4},"end":{"line":48,"column":5}},{"start":{"line":49,"column":4},"end":{"line":52,"column":8}}],"line":6},"1":{"loc":{"start":{"line":19,"column":19},"end":{"line":19,"column":62}},"type":"binary-expr","locations":[{"start":{"line":19,"column":19},"end":{"line":19,"column":35}},{"start":{"line":19,"column":39},"end":{"line":19,"column":62}}],"line":19},"2":{"loc":{"start":{"line":30,"column":26},"end":{"line":30,"column":72}},"type":"cond-expr","locations":[{"start":{"line":30,"column":55},"end":{"line":30,"column":64}},{"start":{"line":30,"column":67},"end":{"line":30,"column":72}}],"line":30},"3":{"loc":{"start":{"line":35,"column":15},"end":{"line":40,"column":15}},"type":"cond-expr","locations":[{"start":{"line":36,"column":12},"end":{"line":39,"column":13}},{"start":{"line":40,"column":12},"end":{"line":40,"column":15}}],"line":35}},"s":{"0":2,"1":2,"2":2,"3":1,"4":0,"5":0,"6":0,"7":0,"8":0,"9":0,"10":0,"11":0,"12":0,"13":0,"14":1},"f":{"0":1,"1":0,"2":0,"3":0},"b":{"0":[0,0,0,1],"1":[0,0],"2":[0,0],"3":[0,0]},"_coverageSchema":"43e27e138ebf9cfc5966b082cf9a028302ed4184","hash":"5c4b4da9ff7f2437649e3dd66dab66fce60a5e50"}
}
