TN:
SF:/Users/roderickshoolbraid/LHL/REACT/scheduler/src/components/Application.js
FN:16,Application
FN:27,(anonymous_1)
FNF:2
FNH:0
FNDA:0,Application
FNDA:0,(anonymous_1)
DA:22,0
DA:24,0
DA:26,0
DA:28,0
DA:41,0
LF:5
LH:0
BRF:0
BRH:0
end_of_record
TN:
SF:/Users/roderickshoolbraid/LHL/REACT/scheduler/src/components/Button.js
FN:7,Button
FNF:1
FNH:1
FNDA:27,Button
DA:8,27
DA:13,27
LF:2
LH:2
BRF:0
BRH:0
end_of_record
TN:
SF:/Users/roderickshoolbraid/LHL/REACT/scheduler/src/components/DayList.js
FN:5,DayList
FN:6,(anonymous_1)
FNF:2
FNH:0
FNDA:0,DayList
FNDA:0,(anonymous_1)
DA:6,0
DA:7,0
DA:18,0
LF:3
LH:0
BRF:0
BRH:0
end_of_record
TN:
SF:/Users/roderickshoolbraid/LHL/REACT/scheduler/src/components/DayListItem.js
FN:6,formatSpots
FN:13,DayListItem
FN:22,(anonymous_2)
FNF:3
FNH:0
FNDA:0,formatSpots
FNDA:0,DayListItem
FNDA:0,(anonymous_2)
DA:7,0
DA:8,0
DA:10,0
DA:14,0
DA:19,0
DA:22,0
LF:6
LH:0
BRDA:7,0,0,0
BRDA:7,0,1,0
BRDA:8,1,0,0
BRDA:8,1,1,0
BRF:4
BRH:0
end_of_record
TN:
SF:/Users/roderickshoolbraid/LHL/REACT/scheduler/src/components/InterviewerList.js
FN:8,InterviewerList
FN:9,(anonymous_1)
FN:17,(anonymous_2)
FNF:3
FNH:2
FNDA:13,InterviewerList
FNDA:13,(anonymous_1)
FNDA:0,(anonymous_2)
DA:9,13
DA:10,13
DA:17,0
DA:22,13
DA:30,2
LF:5
LH:4
BRF:0
BRH:0
end_of_record
TN:
SF:/Users/roderickshoolbraid/LHL/REACT/scheduler/src/components/InterviewerListItem.js
FN:6,InterviewerItem
FNF:1
FNH:1
FNDA:13,InterviewerItem
DA:7,13
DA:11,13
LF:2
LH:2
BRDA:18,0,0,13
BRDA:18,0,1,6
BRF:2
BRH:2
end_of_record
TN:
SF:/Users/roderickshoolbraid/LHL/REACT/scheduler/src/components/Appointment/Confirm.js
FN:5,Confirm
FNF:1
FNH:0
FNDA:0,Confirm
DA:6,0
LF:1
LH:0
BRF:0
BRH:0
end_of_record
TN:
SF:/Users/roderickshoolbraid/LHL/REACT/scheduler/src/components/Appointment/Empty.js
FN:3,Empty
FNF:1
FNH:1
FNDA:1,Empty
DA:4,1
LF:1
LH:1
BRF:0
BRH:0
end_of_record
TN:
SF:/Users/roderickshoolbraid/LHL/REACT/scheduler/src/components/Appointment/Error.js
FN:3,Error
FNF:1
FNH:0
FNDA:0,Error
DA:4,0
LF:1
LH:0
BRF:0
BRH:0
end_of_record
TN:
SF:/Users/roderickshoolbraid/LHL/REACT/scheduler/src/components/Appointment/Form.js
FN:5,Form
FN:10,validate
FN:23,reset
FN:31,(anonymous_3)
FN:38,(anonymous_4)
FN:51,(anonymous_5)
FNF:6
FNH:5
FNDA:14,Form
FNDA:5,validate
FNDA:1,reset
FNDA:0,(anonymous_3)
FNDA:2,(anonymous_4)
FNDA:1,(anonymous_5)
DA:6,14
DA:7,14
DA:8,14
DA:11,5
DA:12,2
DA:13,2
DA:15,3
DA:16,1
DA:17,1
DA:19,2
DA:20,2
DA:24,1
DA:25,1
DA:28,14
DA:31,0
DA:38,2
DA:51,1
LF:17
LH:16
BRDA:6,0,0,14
BRDA:6,0,1,10
BRDA:7,1,0,14
BRDA:7,1,1,7
BRDA:11,2,0,2
BRDA:11,2,1,3
BRDA:15,3,0,1
BRDA:15,3,1,2
BRF:8
BRH:8
end_of_record
TN:
SF:/Users/roderickshoolbraid/LHL/REACT/scheduler/src/components/Appointment/Header.js
FN:3,Header
FNF:1
FNH:1
FNDA:1,Header
DA:4,1
LF:1
LH:1
BRF:0
BRH:0
end_of_record
TN:
SF:/Users/roderickshoolbraid/LHL/REACT/scheduler/src/components/Appointment/Show.js
FN:3,Show
FNF:1
FNH:0
FNDA:0,Show
DA:4,0
LF:1
LH:0
BRDA:11,0,0,0
BRDA:11,0,1,0
BRF:2
BRH:0
end_of_record
TN:
SF:/Users/roderickshoolbraid/LHL/REACT/scheduler/src/components/Appointment/Status.js
FN:3,Status
FNF:1
FNH:0
FNDA:0,Status
DA:4,0
LF:1
LH:0
BRF:0
BRH:0
end_of_record
TN:
SF:/Users/roderickshoolbraid/LHL/REACT/scheduler/src/components/Appointment/index.js
FN:24,Appointment
FN:29,save
FN:39,(anonymous_2)
FN:40,(anonymous_3)
FN:43,destroy
FN:48,(anonymous_5)
FN:49,(anonymous_6)
FN:55,(anonymous_7)
FN:60,(anonymous_8)
FN:61,(anonymous_9)
FNF:10
FNH:1
FNDA:1,Appointment
FNDA:0,save
FNDA:0,(anonymous_2)
FNDA:0,(anonymous_3)
FNDA:0,destroy
FNDA:0,(anonymous_5)
FNDA:0,(anonymous_6)
FNDA:0,(anonymous_7)
FNDA:0,(anonymous_8)
FNDA:0,(anonymous_9)
DA:14,1
DA:15,1
DA:16,1
DA:17,1
DA:18,1
DA:19,1
DA:20,1
DA:21,1
DA:22,1
DA:25,1
DA:30,0
DA:35,0
DA:37,0
DA:39,0
DA:40,0
DA:44,0
DA:46,0
DA:48,0
DA:49,0
DA:52,1
DA:55,0
DA:60,0
DA:61,0
LF:23
LH:11
BRDA:26,0,0,0
BRDA:26,0,1,1
BRDA:55,1,0,1
BRDA:55,1,1,1
BRDA:56,2,0,1
BRDA:56,2,1,0
BRDA:64,3,0,1
BRDA:64,3,1,0
BRDA:71,4,0,1
BRDA:71,4,1,0
BRDA:72,5,0,1
BRDA:72,5,1,0
BRDA:73,6,0,1
BRDA:73,6,1,0
BRDA:80,7,0,1
BRDA:80,7,1,0
BRDA:89,8,0,1
BRDA:89,8,1,0
BRDA:92,9,0,1
BRDA:92,9,1,0
BRF:20
BRH:11
end_of_record
TN:
SF:/Users/roderickshoolbraid/LHL/REACT/scheduler/src/helpers/selectors.js
FN:1,getAppointmentsForDay
FN:2,(anonymous_1)
FN:6,(anonymous_2)
FN:9,getInterviewersForDay
FN:10,(anonymous_4)
FN:14,(anonymous_5)
FN:17,getInterview
FNF:7
FNH:7
FNDA:5,getAppointmentsForDay
FNDA:6,(anonymous_1)
FNDA:8,(anonymous_2)
FNDA:5,getInterviewersForDay
FNDA:6,(anonymous_4)
FNDA:6,(anonymous_5)
FNDA:2,getInterview
DA:2,6
DA:4,5
DA:6,8
DA:10,6
DA:12,5
DA:14,6
DA:18,2
LF:7
LH:7
BRDA:4,0,0,2
BRDA:4,0,1,3
BRDA:4,1,0,5
BRDA:4,1,1,4
BRDA:12,2,0,2
BRDA:12,2,1,3
BRDA:12,3,0,5
BRDA:12,3,1,4
BRDA:19,4,0,2
BRDA:19,4,1,1
BRF:10
BRH:10
end_of_record
TN:
SF:/Users/roderickshoolbraid/LHL/REACT/scheduler/src/hooks/useApplicationData.js
FN:13,useApplicationData
FN:21,(anonymous_1)
FN:23,(anonymous_2)
FN:29,(anonymous_3)
FN:41,bookInterview
FN:42,(anonymous_5)
FN:51,cancelInterview
FN:52,(anonymous_7)
FNF:8
FNH:0
FNDA:0,useApplicationData
FNDA:0,(anonymous_1)
FNDA:0,(anonymous_2)
FNDA:0,(anonymous_3)
FNDA:0,bookInterview
FNDA:0,(anonymous_5)
FNDA:0,cancelInterview
FNDA:0,(anonymous_7)
DA:14,0
DA:21,0
DA:23,0
DA:24,0
DA:30,0
DA:39,0
DA:42,0
DA:43,0
DA:52,0
DA:53,0
DA:61,0
LF:11
LH:0
BRF:0
BRH:0
end_of_record
TN:
SF:/Users/roderickshoolbraid/LHL/REACT/scheduler/src/hooks/useRealtimeUpdate.js
FN:4,useRealtimeUpdate
FN:5,(anonymous_1)
FN:8,(anonymous_2)
FN:16,(anonymous_3)
FNF:4
FNH:0
FNDA:0,useRealtimeUpdate
FNDA:0,(anonymous_1)
FNDA:0,(anonymous_2)
FNDA:0,(anonymous_3)
DA:5,0
DA:6,0
DA:8,0
DA:9,0
DA:11,0
DA:12,0
DA:16,0
DA:17,0
LF:8
LH:0
BRDA:11,0,0,0
BRDA:11,0,1,0
BRDA:11,1,0,0
BRDA:11,1,1,0
BRF:4
BRH:0
end_of_record
TN:
SF:/Users/roderickshoolbraid/LHL/REACT/scheduler/src/hooks/useVisualMode.js
FN:3,(anonymous_0)
FN:6,(anonymous_1)
FN:9,(anonymous_2)
FN:15,(anonymous_3)
FN:19,(anonymous_4)
FN:21,(anonymous_5)
FNF:6
FNH:3
FNDA:4,(anonymous_0)
FNDA:1,(anonymous_1)
FNDA:0,(anonymous_2)
FNDA:1,(anonymous_3)
FNDA:0,(anonymous_4)
FNDA:0,(anonymous_5)
DA:3,2
DA:4,4
DA:6,4
DA:8,1
DA:9,0
DA:15,1
DA:19,4
DA:20,0
DA:21,0
DA:26,4
DA:28,4
LF:11
LH:8
BRDA:6,0,0,1
BRDA:8,1,0,0
BRDA:8,1,1,1
BRDA:20,2,0,0
BRDA:20,2,1,0
BRF:5
BRH:2
end_of_record
TN:
SF:/Users/roderickshoolbraid/LHL/REACT/scheduler/src/reducers/application.js
FN:5,reducer
FN:27,(anonymous_1)
FN:30,(anonymous_2)
FN:34,(anonymous_3)
FNF:4
FNH:1
FNDA:1,reducer
FNDA:0,(anonymous_1)
FNDA:0,(anonymous_2)
FNDA:0,(anonymous_3)
DA:1,1
DA:2,1
DA:3,1
DA:6,1
DA:8,0
DA:10,0
DA:17,0
DA:22,0
DA:27,0
DA:28,0
DA:30,0
DA:34,0
DA:35,0
DA:43,0
DA:50,1
LF:15
LH:5
BRDA:6,0,0,0
BRDA:6,0,1,0
BRDA:6,0,2,0
BRDA:6,0,3,1
BRDA:19,1,0,0
BRDA:19,1,1,0
BRDA:30,2,0,0
BRDA:30,2,1,0
BRDA:35,3,0,0
BRDA:35,3,1,0
BRF:10
BRH:1
end_of_record
